{"/Users/macbook/Desktop/Workplace/fast-track-5-typescript-men-boilerplate/src/app.ts": {"path":"/Users/macbook/Desktop/Workplace/fast-track-5-typescript-men-boilerplate/src/app.ts","statementMap":{"0":{"start":{"line":1,"column":0},"end":{"line":1,"column":29}},"1":{"start":{"line":2,"column":0},"end":{"line":2,"column":37}},"2":{"start":{"line":4,"column":0},"end":{"line":4,"column":36}},"3":{"start":{"line":5,"column":0},"end":{"line":5,"column":25}},"4":{"start":{"line":9,"column":0},"end":{"line":9,"column":31}},"5":{"start":{"line":11,"column":0},"end":{"line":11,"column":31}},"6":{"start":{"line":13,"column":0},"end":{"line":13,"column":60}},"7":{"start":{"line":16,"column":0},"end":{"line":16,"column":39}},"8":{"start":{"line":17,"column":0},"end":{"line":17,"column":39}},"9":{"start":{"line":18,"column":0},"end":{"line":18,"column":43}},"10":{"start":{"line":20,"column":0},"end":{"line":20,"column":59}},"11":{"start":{"line":23,"column":12},"end":{"line":23,"column":21}},"12":{"start":{"line":24,"column":17},"end":{"line":24,"column":28}},"13":{"start":{"line":26,"column":0},"end":{"line":26,"column":null}},"14":{"start":{"line":27,"column":0},"end":{"line":42,"column":null}},"15":{"start":{"line":35,"column":4},"end":{"line":35,"column":null}},"16":{"start":{"line":38,"column":4},"end":{"line":40,"column":null}},"17":{"start":{"line":41,"column":4},"end":{"line":41,"column":null}},"18":{"start":{"line":45,"column":0},"end":{"line":45,"column":null}},"19":{"start":{"line":48,"column":0},"end":{"line":48,"column":null}},"20":{"start":{"line":49,"column":0},"end":{"line":49,"column":null}},"21":{"start":{"line":50,"column":0},"end":{"line":50,"column":null}},"22":{"start":{"line":51,"column":0},"end":{"line":51,"column":null}},"23":{"start":{"line":52,"column":0},"end":{"line":52,"column":null}},"24":{"start":{"line":57,"column":0},"end":{"line":57,"column":37}},"25":{"start":{"line":58,"column":0},"end":{"line":58,"column":null}},"26":{"start":{"line":59,"column":0},"end":{"line":59,"column":null}},"27":{"start":{"line":62,"column":0},"end":{"line":62,"column":null}},"28":{"start":{"line":64,"column":0},"end":{"line":64,"column":null}}},"fnMap":{"0":{"name":"(anonymous_1)","decl":{"start":{"line":33,"column":8},"end":{"line":33,"column":11}},"loc":{"start":{"line":33,"column":13},"end":{"line":36,"column":3}}},"1":{"name":"(anonymous_2)","decl":{"start":{"line":37,"column":9},"end":{"line":37,"column":10}},"loc":{"start":{"line":37,"column":24},"end":{"line":42,"column":3}}}},"branchMap":{"0":{"loc":{"start":{"line":45,"column":16},"end":{"line":45,"column":32}},"type":"binary-expr","locations":[{"start":{"line":45,"column":16},"end":{"line":45,"column":32}},{"start":{"line":45,"column":36},"end":{"line":45,"column":40}}]}},"s":{"0":1,"1":1,"2":1,"3":1,"4":1,"5":1,"6":1,"7":1,"8":1,"9":1,"10":1,"11":1,"12":1,"13":1,"14":1,"15":0,"16":0,"17":0,"18":1,"19":1,"20":1,"21":1,"22":1,"23":1,"24":1,"25":1,"26":1,"27":1,"28":1},"f":{"0":0,"1":0},"b":{"0":[1,0]}}
,"/Users/macbook/Desktop/Workplace/fast-track-5-typescript-men-boilerplate/src/controllers/author.ts": {"path":"/Users/macbook/Desktop/Workplace/fast-track-5-typescript-men-boilerplate/src/controllers/author.ts","statementMap":{"0":{"start":{"line":3,"column":0},"end":{"line":3,"column":37}},"1":{"start":{"line":4,"column":0},"end":{"line":4,"column":46}},"2":{"start":{"line":5,"column":0},"end":{"line":5,"column":null}},"3":{"start":{"line":12,"column":13},"end":{"line":31,"column":null}},"4":{"start":{"line":16,"column":4},"end":{"line":31,"column":null}},"5":{"start":{"line":17,"column":2},"end":{"line":30,"column":null}},"6":{"start":{"line":18,"column":41},"end":{"line":18,"column":49}},"7":{"start":{"line":20,"column":19},"end":{"line":24,"column":6}},"8":{"start":{"line":26,"column":4},"end":{"line":26,"column":null}},"9":{"start":{"line":27,"column":4},"end":{"line":27,"column":null}},"10":{"start":{"line":29,"column":4},"end":{"line":29,"column":null}},"11":{"start":{"line":34,"column":13},"end":{"line":47,"column":null}},"12":{"start":{"line":38,"column":4},"end":{"line":47,"column":null}},"13":{"start":{"line":39,"column":2},"end":{"line":46,"column":null}},"14":{"start":{"line":40,"column":19},"end":{"line":40,"column":27}},"15":{"start":{"line":41,"column":21},"end":{"line":41,"column":40}},"16":{"start":{"line":42,"column":26},"end":{"line":42,"column":70}},"17":{"start":{"line":43,"column":4},"end":{"line":43,"column":null}},"18":{"start":{"line":45,"column":4},"end":{"line":45,"column":null}},"19":{"start":{"line":51,"column":13},"end":{"line":62,"column":null}},"20":{"start":{"line":55,"column":4},"end":{"line":62,"column":null}},"21":{"start":{"line":56,"column":2},"end":{"line":61,"column":null}},"22":{"start":{"line":57,"column":4},"end":{"line":57,"column":null}},"23":{"start":{"line":58,"column":4},"end":{"line":58,"column":null}},"24":{"start":{"line":60,"column":4},"end":{"line":60,"column":null}},"25":{"start":{"line":65,"column":13},"end":{"line":75,"column":null}},"26":{"start":{"line":69,"column":4},"end":{"line":75,"column":null}},"27":{"start":{"line":70,"column":2},"end":{"line":74,"column":null}},"28":{"start":{"line":71,"column":4},"end":{"line":71,"column":null}},"29":{"start":{"line":73,"column":4},"end":{"line":73,"column":null}},"30":{"start":{"line":79,"column":13},"end":{"line":89,"column":null}},"31":{"start":{"line":83,"column":4},"end":{"line":89,"column":null}},"32":{"start":{"line":84,"column":2},"end":{"line":88,"column":null}},"33":{"start":{"line":85,"column":4},"end":{"line":85,"column":null}},"34":{"start":{"line":87,"column":4},"end":{"line":87,"column":null}}},"fnMap":{"0":{"name":"(anonymous_8)","decl":{"start":{"line":12,"column":28},"end":{"line":12,"column":null}},"loc":{"start":{"line":16,"column":4},"end":{"line":31,"column":null}}},"1":{"name":"(anonymous_9)","decl":{"start":{"line":16,"column":4},"end":{"line":16,"column":null}},"loc":{"start":{"line":16,"column":4},"end":{"line":31,"column":1}}},"2":{"name":"(anonymous_10)","decl":{"start":{"line":34,"column":28},"end":{"line":34,"column":null}},"loc":{"start":{"line":38,"column":4},"end":{"line":47,"column":null}}},"3":{"name":"(anonymous_11)","decl":{"start":{"line":38,"column":4},"end":{"line":38,"column":null}},"loc":{"start":{"line":38,"column":4},"end":{"line":47,"column":1}}},"4":{"name":"(anonymous_12)","decl":{"start":{"line":51,"column":28},"end":{"line":51,"column":null}},"loc":{"start":{"line":55,"column":4},"end":{"line":62,"column":null}}},"5":{"name":"(anonymous_13)","decl":{"start":{"line":55,"column":4},"end":{"line":55,"column":null}},"loc":{"start":{"line":55,"column":4},"end":{"line":62,"column":1}}},"6":{"name":"(anonymous_14)","decl":{"start":{"line":65,"column":24},"end":{"line":65,"column":null}},"loc":{"start":{"line":69,"column":4},"end":{"line":75,"column":null}}},"7":{"name":"(anonymous_15)","decl":{"start":{"line":69,"column":4},"end":{"line":69,"column":null}},"loc":{"start":{"line":69,"column":4},"end":{"line":75,"column":1}}},"8":{"name":"(anonymous_16)","decl":{"start":{"line":79,"column":23},"end":{"line":79,"column":null}},"loc":{"start":{"line":83,"column":4},"end":{"line":89,"column":null}}},"9":{"name":"(anonymous_17)","decl":{"start":{"line":83,"column":4},"end":{"line":83,"column":null}},"loc":{"start":{"line":83,"column":4},"end":{"line":89,"column":1}}}},"branchMap":{},"s":{"0":1,"1":1,"2":1,"3":1,"4":0,"5":0,"6":0,"7":0,"8":0,"9":0,"10":0,"11":1,"12":0,"13":0,"14":0,"15":0,"16":0,"17":0,"18":0,"19":1,"20":0,"21":0,"22":0,"23":0,"24":0,"25":1,"26":0,"27":0,"28":0,"29":0,"30":1,"31":0,"32":0,"33":0,"34":0},"f":{"0":0,"1":0,"2":0,"3":0,"4":0,"5":0,"6":0,"7":0,"8":0,"9":0},"b":{}}
,"/Users/macbook/Desktop/Workplace/fast-track-5-typescript-men-boilerplate/src/controllers/book.ts": {"path":"/Users/macbook/Desktop/Workplace/fast-track-5-typescript-men-boilerplate/src/controllers/book.ts","statementMap":{"0":{"start":{"line":3,"column":0},"end":{"line":3,"column":33}},"1":{"start":{"line":4,"column":0},"end":{"line":4,"column":42}},"2":{"start":{"line":5,"column":0},"end":{"line":5,"column":null}},"3":{"start":{"line":12,"column":13},"end":{"line":42,"column":null}},"4":{"start":{"line":16,"column":4},"end":{"line":42,"column":null}},"5":{"start":{"line":17,"column":2},"end":{"line":41,"column":null}},"6":{"start":{"line":18,"column":118},"end":{"line":18,"column":126}},"7":{"start":{"line":20,"column":17},"end":{"line":31,"column":6}},"8":{"start":{"line":33,"column":4},"end":{"line":33,"column":null}},"9":{"start":{"line":34,"column":4},"end":{"line":34,"column":null}},"10":{"start":{"line":36,"column":4},"end":{"line":40,"column":null}},"11":{"start":{"line":37,"column":6},"end":{"line":37,"column":null}},"12":{"start":{"line":39,"column":6},"end":{"line":39,"column":null}},"13":{"start":{"line":45,"column":13},"end":{"line":58,"column":null}},"14":{"start":{"line":49,"column":4},"end":{"line":58,"column":null}},"15":{"start":{"line":50,"column":2},"end":{"line":57,"column":null}},"16":{"start":{"line":51,"column":19},"end":{"line":51,"column":27}},"17":{"start":{"line":52,"column":19},"end":{"line":52,"column":36}},"18":{"start":{"line":53,"column":24},"end":{"line":53,"column":64}},"19":{"start":{"line":54,"column":4},"end":{"line":54,"column":null}},"20":{"start":{"line":56,"column":4},"end":{"line":56,"column":null}},"21":{"start":{"line":62,"column":13},"end":{"line":73,"column":null}},"22":{"start":{"line":66,"column":4},"end":{"line":73,"column":null}},"23":{"start":{"line":67,"column":2},"end":{"line":72,"column":null}},"24":{"start":{"line":68,"column":4},"end":{"line":68,"column":null}},"25":{"start":{"line":69,"column":4},"end":{"line":69,"column":null}},"26":{"start":{"line":71,"column":4},"end":{"line":71,"column":null}},"27":{"start":{"line":76,"column":13},"end":{"line":86,"column":null}},"28":{"start":{"line":80,"column":4},"end":{"line":86,"column":null}},"29":{"start":{"line":81,"column":2},"end":{"line":85,"column":null}},"30":{"start":{"line":82,"column":4},"end":{"line":82,"column":null}},"31":{"start":{"line":84,"column":4},"end":{"line":84,"column":null}},"32":{"start":{"line":90,"column":13},"end":{"line":100,"column":null}},"33":{"start":{"line":94,"column":4},"end":{"line":100,"column":null}},"34":{"start":{"line":95,"column":2},"end":{"line":99,"column":null}},"35":{"start":{"line":96,"column":4},"end":{"line":96,"column":null}},"36":{"start":{"line":98,"column":4},"end":{"line":98,"column":null}}},"fnMap":{"0":{"name":"(anonymous_8)","decl":{"start":{"line":12,"column":26},"end":{"line":12,"column":null}},"loc":{"start":{"line":16,"column":4},"end":{"line":42,"column":null}}},"1":{"name":"(anonymous_9)","decl":{"start":{"line":16,"column":4},"end":{"line":16,"column":null}},"loc":{"start":{"line":16,"column":4},"end":{"line":42,"column":1}}},"2":{"name":"(anonymous_10)","decl":{"start":{"line":45,"column":26},"end":{"line":45,"column":null}},"loc":{"start":{"line":49,"column":4},"end":{"line":58,"column":null}}},"3":{"name":"(anonymous_11)","decl":{"start":{"line":49,"column":4},"end":{"line":49,"column":null}},"loc":{"start":{"line":49,"column":4},"end":{"line":58,"column":1}}},"4":{"name":"(anonymous_12)","decl":{"start":{"line":62,"column":26},"end":{"line":62,"column":null}},"loc":{"start":{"line":66,"column":4},"end":{"line":73,"column":null}}},"5":{"name":"(anonymous_13)","decl":{"start":{"line":66,"column":4},"end":{"line":66,"column":null}},"loc":{"start":{"line":66,"column":4},"end":{"line":73,"column":1}}},"6":{"name":"(anonymous_14)","decl":{"start":{"line":76,"column":24},"end":{"line":76,"column":null}},"loc":{"start":{"line":80,"column":4},"end":{"line":86,"column":null}}},"7":{"name":"(anonymous_15)","decl":{"start":{"line":80,"column":4},"end":{"line":80,"column":null}},"loc":{"start":{"line":80,"column":4},"end":{"line":86,"column":1}}},"8":{"name":"(anonymous_16)","decl":{"start":{"line":90,"column":23},"end":{"line":90,"column":null}},"loc":{"start":{"line":94,"column":4},"end":{"line":100,"column":null}}},"9":{"name":"(anonymous_17)","decl":{"start":{"line":94,"column":4},"end":{"line":94,"column":null}},"loc":{"start":{"line":94,"column":4},"end":{"line":100,"column":1}}}},"branchMap":{"0":{"loc":{"start":{"line":36,"column":4},"end":{"line":40,"column":null}},"type":"if","locations":[{"start":{"line":36,"column":4},"end":{"line":40,"column":null}},{"start":{"line":36,"column":4},"end":{"line":40,"column":null}}]}},"s":{"0":1,"1":1,"2":1,"3":1,"4":0,"5":0,"6":0,"7":0,"8":0,"9":0,"10":0,"11":0,"12":0,"13":1,"14":0,"15":0,"16":0,"17":0,"18":0,"19":0,"20":0,"21":1,"22":0,"23":0,"24":0,"25":0,"26":0,"27":1,"28":0,"29":0,"30":0,"31":0,"32":1,"33":0,"34":0,"35":0,"36":0},"f":{"0":0,"1":0,"2":0,"3":0,"4":0,"5":0,"6":0,"7":0,"8":0,"9":0},"b":{"0":[0,0]}}
,"/Users/macbook/Desktop/Workplace/fast-track-5-typescript-men-boilerplate/src/controllers/user.ts": {"path":"/Users/macbook/Desktop/Workplace/fast-track-5-typescript-men-boilerplate/src/controllers/user.ts","statementMap":{"0":{"start":{"line":2,"column":0},"end":{"line":2,"column":64}},"1":{"start":{"line":3,"column":0},"end":{"line":3,"column":29}},"2":{"start":{"line":4,"column":0},"end":{"line":4,"column":30}},"3":{"start":{"line":6,"column":0},"end":{"line":6,"column":33}},"4":{"start":{"line":7,"column":0},"end":{"line":7,"column":42}},"5":{"start":{"line":8,"column":0},"end":{"line":8,"column":null}},"6":{"start":{"line":38,"column":13},"end":{"line":96,"column":null}},"7":{"start":{"line":38,"column":84},"end":{"line":96,"column":null}},"8":{"start":{"line":39,"column":17},"end":{"line":39,"column":38}},"9":{"start":{"line":40,"column":2},"end":{"line":44,"column":null}},"10":{"start":{"line":41,"column":6},"end":{"line":43,"column":9}},"11":{"start":{"line":51,"column":6},"end":{"line":51,"column":14}},"12":{"start":{"line":52,"column":2},"end":{"line":95,"column":null}},"13":{"start":{"line":53,"column":17},"end":{"line":55,"column":8}},"14":{"start":{"line":56,"column":6},"end":{"line":60,"column":null}},"15":{"start":{"line":57,"column":10},"end":{"line":59,"column":13}},"16":{"start":{"line":62,"column":6},"end":{"line":67,"column":9}},"17":{"start":{"line":69,"column":19},"end":{"line":69,"column":43}},"18":{"start":{"line":70,"column":6},"end":{"line":70,"column":56}},"19":{"start":{"line":72,"column":6},"end":{"line":72,"column":null}},"20":{"start":{"line":73,"column":6},"end":{"line":73,"column":null}},"21":{"start":{"line":75,"column":22},"end":{"line":79,"column":8}},"22":{"start":{"line":81,"column":6},"end":{"line":92,"column":8}},"23":{"start":{"line":87,"column":14},"end":{"line":87,"column":33}},"24":{"start":{"line":87,"column":23},"end":{"line":87,"column":33}},"25":{"start":{"line":88,"column":14},"end":{"line":90,"column":17}},"26":{"start":{"line":94,"column":6},"end":{"line":94,"column":null}},"27":{"start":{"line":99,"column":13},"end":{"line":149,"column":null}},"28":{"start":{"line":99,"column":82},"end":{"line":149,"column":null}},"29":{"start":{"line":100,"column":17},"end":{"line":100,"column":38}},"30":{"start":{"line":102,"column":2},"end":{"line":106,"column":null}},"31":{"start":{"line":103,"column":4},"end":{"line":105,"column":7}},"32":{"start":{"line":108,"column":30},"end":{"line":108,"column":38}},"33":{"start":{"line":109,"column":2},"end":{"line":148,"column":null}},"34":{"start":{"line":110,"column":15},"end":{"line":112,"column":6}},"35":{"start":{"line":113,"column":4},"end":{"line":116,"column":9}},"36":{"start":{"line":114,"column":6},"end":{"line":116,"column":9}},"37":{"start":{"line":118,"column":20},"end":{"line":118,"column":65}},"38":{"start":{"line":119,"column":4},"end":{"line":122,"column":9}},"39":{"start":{"line":120,"column":6},"end":{"line":122,"column":9}},"40":{"start":{"line":124,"column":20},"end":{"line":128,"column":6}},"41":{"start":{"line":130,"column":4},"end":{"line":142,"column":6}},"42":{"start":{"line":137,"column":8},"end":{"line":137,"column":27}},"43":{"start":{"line":137,"column":17},"end":{"line":137,"column":27}},"44":{"start":{"line":138,"column":8},"end":{"line":140,"column":11}},"45":{"start":{"line":144,"column":4},"end":{"line":144,"column":21}},"46":{"start":{"line":145,"column":4},"end":{"line":147,"column":7}},"47":{"start":{"line":152,"column":13},"end":{"line":165,"column":null}},"48":{"start":{"line":156,"column":4},"end":{"line":165,"column":null}},"49":{"start":{"line":157,"column":2},"end":{"line":164,"column":null}},"50":{"start":{"line":158,"column":19},"end":{"line":158,"column":27}},"51":{"start":{"line":159,"column":19},"end":{"line":159,"column":36}},"52":{"start":{"line":160,"column":24},"end":{"line":160,"column":64}},"53":{"start":{"line":161,"column":4},"end":{"line":161,"column":null}},"54":{"start":{"line":163,"column":4},"end":{"line":163,"column":null}},"55":{"start":{"line":169,"column":13},"end":{"line":180,"column":null}},"56":{"start":{"line":173,"column":4},"end":{"line":180,"column":null}},"57":{"start":{"line":174,"column":2},"end":{"line":179,"column":null}},"58":{"start":{"line":175,"column":4},"end":{"line":175,"column":null}},"59":{"start":{"line":176,"column":4},"end":{"line":176,"column":null}},"60":{"start":{"line":178,"column":4},"end":{"line":178,"column":null}},"61":{"start":{"line":183,"column":13},"end":{"line":193,"column":null}},"62":{"start":{"line":187,"column":4},"end":{"line":193,"column":null}},"63":{"start":{"line":188,"column":2},"end":{"line":192,"column":null}},"64":{"start":{"line":189,"column":4},"end":{"line":189,"column":null}},"65":{"start":{"line":191,"column":4},"end":{"line":191,"column":null}},"66":{"start":{"line":197,"column":13},"end":{"line":207,"column":null}},"67":{"start":{"line":201,"column":4},"end":{"line":207,"column":null}},"68":{"start":{"line":202,"column":2},"end":{"line":206,"column":null}},"69":{"start":{"line":203,"column":4},"end":{"line":203,"column":null}},"70":{"start":{"line":205,"column":4},"end":{"line":205,"column":null}}},"fnMap":{"0":{"name":"(anonymous_8)","decl":{"start":{"line":38,"column":26},"end":{"line":38,"column":33}},"loc":{"start":{"line":38,"column":84},"end":{"line":96,"column":null}}},"1":{"name":"(anonymous_9)","decl":{"start":{"line":38,"column":84},"end":{"line":38,"column":null}},"loc":{"start":{"line":38,"column":84},"end":{"line":96,"column":1}}},"2":{"name":"(anonymous_10)","decl":{"start":{"line":86,"column":10},"end":{"line":86,"column":11}},"loc":{"start":{"line":86,"column":25},"end":{"line":91,"column":11}}},"3":{"name":"(anonymous_11)","decl":{"start":{"line":99,"column":24},"end":{"line":99,"column":31}},"loc":{"start":{"line":99,"column":82},"end":{"line":149,"column":null}}},"4":{"name":"(anonymous_12)","decl":{"start":{"line":99,"column":82},"end":{"line":99,"column":null}},"loc":{"start":{"line":99,"column":82},"end":{"line":149,"column":1}}},"5":{"name":"(anonymous_13)","decl":{"start":{"line":136,"column":6},"end":{"line":136,"column":7}},"loc":{"start":{"line":136,"column":21},"end":{"line":141,"column":7}}},"6":{"name":"(anonymous_14)","decl":{"start":{"line":152,"column":26},"end":{"line":152,"column":null}},"loc":{"start":{"line":156,"column":4},"end":{"line":165,"column":null}}},"7":{"name":"(anonymous_15)","decl":{"start":{"line":156,"column":4},"end":{"line":156,"column":null}},"loc":{"start":{"line":156,"column":4},"end":{"line":165,"column":1}}},"8":{"name":"(anonymous_16)","decl":{"start":{"line":169,"column":26},"end":{"line":169,"column":null}},"loc":{"start":{"line":173,"column":4},"end":{"line":180,"column":null}}},"9":{"name":"(anonymous_17)","decl":{"start":{"line":173,"column":4},"end":{"line":173,"column":null}},"loc":{"start":{"line":173,"column":4},"end":{"line":180,"column":1}}},"10":{"name":"(anonymous_18)","decl":{"start":{"line":183,"column":24},"end":{"line":183,"column":null}},"loc":{"start":{"line":187,"column":4},"end":{"line":193,"column":null}}},"11":{"name":"(anonymous_19)","decl":{"start":{"line":187,"column":4},"end":{"line":187,"column":null}},"loc":{"start":{"line":187,"column":4},"end":{"line":193,"column":1}}},"12":{"name":"(anonymous_20)","decl":{"start":{"line":197,"column":23},"end":{"line":197,"column":null}},"loc":{"start":{"line":201,"column":4},"end":{"line":207,"column":null}}},"13":{"name":"(anonymous_21)","decl":{"start":{"line":201,"column":4},"end":{"line":201,"column":null}},"loc":{"start":{"line":201,"column":4},"end":{"line":207,"column":1}}}},"branchMap":{"0":{"loc":{"start":{"line":40,"column":2},"end":{"line":44,"column":null}},"type":"if","locations":[{"start":{"line":40,"column":2},"end":{"line":44,"column":null}},{"start":{"line":40,"column":2},"end":{"line":44,"column":null}}]},"1":{"loc":{"start":{"line":56,"column":6},"end":{"line":60,"column":null}},"type":"if","locations":[{"start":{"line":56,"column":6},"end":{"line":60,"column":null}},{"start":{"line":56,"column":6},"end":{"line":60,"column":null}}]},"2":{"loc":{"start":{"line":87,"column":14},"end":{"line":87,"column":33}},"type":"if","locations":[{"start":{"line":87,"column":14},"end":{"line":87,"column":33}},{"start":{"line":87,"column":14},"end":{"line":87,"column":33}}]},"3":{"loc":{"start":{"line":102,"column":2},"end":{"line":106,"column":null}},"type":"if","locations":[{"start":{"line":102,"column":2},"end":{"line":106,"column":null}},{"start":{"line":102,"column":2},"end":{"line":106,"column":null}}]},"4":{"loc":{"start":{"line":113,"column":4},"end":{"line":116,"column":9}},"type":"if","locations":[{"start":{"line":113,"column":4},"end":{"line":116,"column":9}},{"start":{"line":113,"column":4},"end":{"line":116,"column":9}}]},"5":{"loc":{"start":{"line":119,"column":4},"end":{"line":122,"column":9}},"type":"if","locations":[{"start":{"line":119,"column":4},"end":{"line":122,"column":9}},{"start":{"line":119,"column":4},"end":{"line":122,"column":9}}]},"6":{"loc":{"start":{"line":137,"column":8},"end":{"line":137,"column":27}},"type":"if","locations":[{"start":{"line":137,"column":8},"end":{"line":137,"column":27}},{"start":{"line":137,"column":8},"end":{"line":137,"column":27}}]}},"s":{"0":1,"1":1,"2":1,"3":1,"4":1,"5":1,"6":1,"7":0,"8":0,"9":0,"10":0,"11":0,"12":0,"13":0,"14":0,"15":0,"16":0,"17":0,"18":0,"19":0,"20":0,"21":0,"22":0,"23":0,"24":0,"25":0,"26":0,"27":1,"28":0,"29":0,"30":0,"31":0,"32":0,"33":0,"34":0,"35":0,"36":0,"37":0,"38":0,"39":0,"40":0,"41":0,"42":0,"43":0,"44":0,"45":0,"46":0,"47":1,"48":0,"49":0,"50":0,"51":0,"52":0,"53":0,"54":0,"55":1,"56":0,"57":0,"58":0,"59":0,"60":0,"61":1,"62":0,"63":0,"64":0,"65":0,"66":1,"67":0,"68":0,"69":0,"70":0},"f":{"0":0,"1":0,"2":0,"3":0,"4":0,"5":0,"6":0,"7":0,"8":0,"9":0,"10":0,"11":0,"12":0,"13":0},"b":{"0":[0,0],"1":[0,0],"2":[0,0],"3":[0,0],"4":[0,0],"5":[0,0],"6":[0,0]}}
,"/Users/macbook/Desktop/Workplace/fast-track-5-typescript-men-boilerplate/src/helpers/apiError.ts": {"path":"/Users/macbook/Desktop/Workplace/fast-track-5-typescript-men-boilerplate/src/helpers/apiError.ts","statementMap":{"0":{"start":{"line":7,"column":4},"end":{"line":7,"column":null}},"1":{"start":{"line":3,"column":13},"end":{"line":3,"column":31}},"2":{"start":{"line":4,"column":13},"end":{"line":4,"column":28}},"3":{"start":{"line":5,"column":13},"end":{"line":5,"column":27}},"4":{"start":{"line":1,"column":0},"end":{"line":1,"column":21}},"5":{"start":{"line":13,"column":4},"end":{"line":13,"column":null}},"6":{"start":{"line":12,"column":23},"end":{"line":12,"column":41}},"7":{"start":{"line":11,"column":0},"end":{"line":11,"column":13}},"8":{"start":{"line":19,"column":4},"end":{"line":19,"column":null}},"9":{"start":{"line":18,"column":23},"end":{"line":18,"column":41}},"10":{"start":{"line":17,"column":0},"end":{"line":17,"column":13}},"11":{"start":{"line":28,"column":4},"end":{"line":28,"column":null}},"12":{"start":{"line":25,"column":13},"end":{"line":25,"column":31}},"13":{"start":{"line":23,"column":0},"end":{"line":23,"column":13}},"14":{"start":{"line":37,"column":4},"end":{"line":37,"column":null}},"15":{"start":{"line":34,"column":13},"end":{"line":34,"column":31}},"16":{"start":{"line":32,"column":0},"end":{"line":32,"column":13}},"17":{"start":{"line":43,"column":4},"end":{"line":43,"column":null}},"18":{"start":{"line":42,"column":23},"end":{"line":42,"column":41}},"19":{"start":{"line":41,"column":0},"end":{"line":41,"column":13}}},"fnMap":{"0":{"name":"(anonymous_0)","decl":{"start":{"line":2,"column":2},"end":{"line":2,"column":null}},"loc":{"start":{"line":5,"column":27},"end":{"line":8,"column":3}}},"1":{"name":"(anonymous_1)","decl":{"start":{"line":12,"column":2},"end":{"line":12,"column":23}},"loc":{"start":{"line":12,"column":68},"end":{"line":14,"column":3}}},"2":{"name":"(anonymous_2)","decl":{"start":{"line":18,"column":2},"end":{"line":18,"column":23}},"loc":{"start":{"line":18,"column":68},"end":{"line":20,"column":3}}},"3":{"name":"(anonymous_3)","decl":{"start":{"line":24,"column":2},"end":{"line":24,"column":null}},"loc":{"start":{"line":26,"column":18},"end":{"line":29,"column":3}}},"4":{"name":"(anonymous_4)","decl":{"start":{"line":33,"column":2},"end":{"line":33,"column":null}},"loc":{"start":{"line":35,"column":18},"end":{"line":38,"column":3}}},"5":{"name":"(anonymous_5)","decl":{"start":{"line":42,"column":2},"end":{"line":42,"column":23}},"loc":{"start":{"line":42,"column":70},"end":{"line":44,"column":3}}}},"branchMap":{"0":{"loc":{"start":{"line":12,"column":41},"end":{"line":12,"column":52}},"type":"default-arg","locations":[{"start":{"line":12,"column":41},"end":{"line":12,"column":52}}]},"1":{"loc":{"start":{"line":18,"column":41},"end":{"line":18,"column":52}},"type":"default-arg","locations":[{"start":{"line":18,"column":41},"end":{"line":18,"column":52}}]},"2":{"loc":{"start":{"line":25,"column":31},"end":{"line":25,"column":54}},"type":"default-arg","locations":[{"start":{"line":25,"column":31},"end":{"line":25,"column":54}}]},"3":{"loc":{"start":{"line":34,"column":31},"end":{"line":34,"column":53}},"type":"default-arg","locations":[{"start":{"line":34,"column":31},"end":{"line":34,"column":53}}]},"4":{"loc":{"start":{"line":42,"column":41},"end":{"line":42,"column":54}},"type":"default-arg","locations":[{"start":{"line":42,"column":41},"end":{"line":42,"column":54}}]}},"s":{"0":0,"1":0,"2":0,"3":0,"4":1,"5":0,"6":0,"7":1,"8":0,"9":0,"10":1,"11":0,"12":0,"13":1,"14":0,"15":0,"16":1,"17":0,"18":0,"19":1},"f":{"0":0,"1":0,"2":0,"3":0,"4":0,"5":0},"b":{"0":[0],"1":[0],"2":[0],"3":[0],"4":[0]}}
,"/Users/macbook/Desktop/Workplace/fast-track-5-typescript-men-boilerplate/src/middlewares/apiErrorHandler.ts": {"path":"/Users/macbook/Desktop/Workplace/fast-track-5-typescript-men-boilerplate/src/middlewares/apiErrorHandler.ts","statementMap":{"0":{"start":{"line":4,"column":0},"end":{"line":4,"column":35}},"1":{"start":{"line":12,"column":2},"end":{"line":14,"column":null}},"2":{"start":{"line":13,"column":4},"end":{"line":13,"column":null}},"3":{"start":{"line":16,"column":2},"end":{"line":20,"column":null}},"4":{"start":{"line":6,"column":0},"end":{"line":6,"column":null}}},"fnMap":{"0":{"name":"default_1","decl":{"start":{"line":6,"column":0},"end":{"line":6,"column":null}},"loc":{"start":{"line":10,"column":20},"end":{"line":21,"column":1}}}},"branchMap":{"0":{"loc":{"start":{"line":12,"column":2},"end":{"line":14,"column":null}},"type":"if","locations":[{"start":{"line":12,"column":2},"end":{"line":14,"column":null}},{"start":{"line":12,"column":2},"end":{"line":14,"column":null}}]}},"s":{"0":1,"1":0,"2":0,"3":0,"4":1},"f":{"0":0},"b":{"0":[0,0]}}
,"/Users/macbook/Desktop/Workplace/fast-track-5-typescript-men-boilerplate/src/models/Author.ts": {"path":"/Users/macbook/Desktop/Workplace/fast-track-5-typescript-men-boilerplate/src/models/Author.ts","statementMap":{"0":{"start":{"line":1,"column":0},"end":{"line":1,"column":45}},"1":{"start":{"line":9,"column":21},"end":{"line":22,"column":2}},"2":{"start":{"line":24,"column":0},"end":{"line":24,"column":null}}},"fnMap":{},"branchMap":{},"s":{"0":2,"1":2,"2":2},"f":{},"b":{}}
,"/Users/macbook/Desktop/Workplace/fast-track-5-typescript-men-boilerplate/src/models/Book.ts": {"path":"/Users/macbook/Desktop/Workplace/fast-track-5-typescript-men-boilerplate/src/models/Book.ts","statementMap":{"0":{"start":{"line":1,"column":0},"end":{"line":1,"column":45}},"1":{"start":{"line":16,"column":19},"end":{"line":54,"column":2}},"2":{"start":{"line":56,"column":0},"end":{"line":56,"column":null}}},"fnMap":{},"branchMap":{},"s":{"0":2,"1":2,"2":2},"f":{},"b":{}}
,"/Users/macbook/Desktop/Workplace/fast-track-5-typescript-men-boilerplate/src/models/Movie.ts": {"path":"/Users/macbook/Desktop/Workplace/fast-track-5-typescript-men-boilerplate/src/models/Movie.ts","statementMap":{"0":{"start":{"line":1,"column":0},"end":{"line":1,"column":45}},"1":{"start":{"line":12,"column":20},"end":{"line":33,"column":2}},"2":{"start":{"line":35,"column":0},"end":{"line":35,"column":null}}},"fnMap":{},"branchMap":{},"s":{"0":1,"1":1,"2":1},"f":{},"b":{}}
,"/Users/macbook/Desktop/Workplace/fast-track-5-typescript-men-boilerplate/src/models/User.ts": {"path":"/Users/macbook/Desktop/Workplace/fast-track-5-typescript-men-boilerplate/src/models/User.ts","statementMap":{"0":{"start":{"line":1,"column":0},"end":{"line":1,"column":45}},"1":{"start":{"line":10,"column":19},"end":{"line":31,"column":2}},"2":{"start":{"line":33,"column":0},"end":{"line":33,"column":null}}},"fnMap":{},"branchMap":{},"s":{"0":2,"1":2,"2":2},"f":{},"b":{}}
,"/Users/macbook/Desktop/Workplace/fast-track-5-typescript-men-boilerplate/src/routers/author.ts": {"path":"/Users/macbook/Desktop/Workplace/fast-track-5-typescript-men-boilerplate/src/routers/author.ts","statementMap":{"0":{"start":{"line":1,"column":0},"end":{"line":1,"column":29}},"1":{"start":{"line":3,"column":0},"end":{"line":3,"column":null}},"2":{"start":{"line":11,"column":15},"end":{"line":11,"column":31}},"3":{"start":{"line":14,"column":0},"end":{"line":14,"column":null}},"4":{"start":{"line":15,"column":0},"end":{"line":15,"column":null}},"5":{"start":{"line":16,"column":0},"end":{"line":16,"column":null}},"6":{"start":{"line":17,"column":0},"end":{"line":17,"column":null}},"7":{"start":{"line":18,"column":0},"end":{"line":18,"column":null}},"8":{"start":{"line":20,"column":0},"end":{"line":20,"column":null}}},"fnMap":{},"branchMap":{},"s":{"0":1,"1":1,"2":1,"3":1,"4":1,"5":1,"6":1,"7":1,"8":1},"f":{},"b":{}}
,"/Users/macbook/Desktop/Workplace/fast-track-5-typescript-men-boilerplate/src/routers/book.ts": {"path":"/Users/macbook/Desktop/Workplace/fast-track-5-typescript-men-boilerplate/src/routers/book.ts","statementMap":{"0":{"start":{"line":1,"column":0},"end":{"line":1,"column":29}},"1":{"start":{"line":3,"column":0},"end":{"line":3,"column":null}},"2":{"start":{"line":11,"column":15},"end":{"line":11,"column":31}},"3":{"start":{"line":14,"column":0},"end":{"line":14,"column":null}},"4":{"start":{"line":15,"column":0},"end":{"line":15,"column":null}},"5":{"start":{"line":16,"column":0},"end":{"line":16,"column":null}},"6":{"start":{"line":17,"column":0},"end":{"line":17,"column":null}},"7":{"start":{"line":18,"column":0},"end":{"line":18,"column":null}},"8":{"start":{"line":20,"column":0},"end":{"line":20,"column":null}}},"fnMap":{},"branchMap":{},"s":{"0":1,"1":1,"2":1,"3":1,"4":1,"5":1,"6":1,"7":1,"8":1},"f":{},"b":{}}
,"/Users/macbook/Desktop/Workplace/fast-track-5-typescript-men-boilerplate/src/routers/user.ts": {"path":"/Users/macbook/Desktop/Workplace/fast-track-5-typescript-men-boilerplate/src/routers/user.ts","statementMap":{"0":{"start":{"line":1,"column":0},"end":{"line":1,"column":66}},"1":{"start":{"line":2,"column":0},"end":{"line":2,"column":65}},"2":{"start":{"line":7,"column":0},"end":{"line":7,"column":null}},"3":{"start":{"line":16,"column":15},"end":{"line":16,"column":31}},"4":{"start":{"line":19,"column":0},"end":{"line":19,"column":null}},"5":{"start":{"line":20,"column":0},"end":{"line":20,"column":null}},"6":{"start":{"line":21,"column":0},"end":{"line":21,"column":null}},"7":{"start":{"line":23,"column":0},"end":{"line":35,"column":null}},"8":{"start":{"line":37,"column":0},"end":{"line":46,"column":null}},"9":{"start":{"line":62,"column":0},"end":{"line":62,"column":null}}},"fnMap":{},"branchMap":{},"s":{"0":1,"1":1,"2":1,"3":1,"4":1,"5":1,"6":1,"7":1,"8":1,"9":1},"f":{},"b":{}}
,"/Users/macbook/Desktop/Workplace/fast-track-5-typescript-men-boilerplate/src/services/author.ts": {"path":"/Users/macbook/Desktop/Workplace/fast-track-5-typescript-men-boilerplate/src/services/author.ts","statementMap":{"0":{"start":{"line":1,"column":0},"end":{"line":1,"column":57}},"1":{"start":{"line":4,"column":2},"end":{"line":4,"column":null}},"2":{"start":{"line":8,"column":2},"end":{"line":15,"column":null}},"3":{"start":{"line":11,"column":6},"end":{"line":13,"column":null}},"4":{"start":{"line":12,"column":8},"end":{"line":12,"column":null}},"5":{"start":{"line":14,"column":6},"end":{"line":14,"column":null}},"6":{"start":{"line":19,"column":2},"end":{"line":21,"column":null}},"7":{"start":{"line":28,"column":2},"end":{"line":45,"column":null}},"8":{"start":{"line":31,"column":6},"end":{"line":33,"column":null}},"9":{"start":{"line":32,"column":8},"end":{"line":32,"column":null}},"10":{"start":{"line":35,"column":6},"end":{"line":37,"column":null}},"11":{"start":{"line":36,"column":8},"end":{"line":36,"column":null}},"12":{"start":{"line":38,"column":6},"end":{"line":40,"column":null}},"13":{"start":{"line":39,"column":8},"end":{"line":39,"column":null}},"14":{"start":{"line":41,"column":6},"end":{"line":43,"column":null}},"15":{"start":{"line":42,"column":8},"end":{"line":42,"column":null}},"16":{"start":{"line":44,"column":6},"end":{"line":44,"column":null}},"17":{"start":{"line":49,"column":2},"end":{"line":49,"column":null}},"18":{"start":{"line":52,"column":0},"end":{"line":58,"column":null}}},"fnMap":{"0":{"name":"create","decl":{"start":{"line":3,"column":9},"end":{"line":3,"column":15}},"loc":{"start":{"line":3,"column":38},"end":{"line":5,"column":1}}},"1":{"name":"findById","decl":{"start":{"line":7,"column":9},"end":{"line":7,"column":17}},"loc":{"start":{"line":7,"column":34},"end":{"line":16,"column":1}}},"2":{"name":"(anonymous_3)","decl":{"start":{"line":10,"column":10},"end":{"line":10,"column":16}},"loc":{"start":{"line":10,"column":19},"end":{"line":15,"column":5}}},"3":{"name":"findAll","decl":{"start":{"line":18,"column":9},"end":{"line":18,"column":16}},"loc":{"start":{"line":18,"column":16},"end":{"line":22,"column":1}}},"4":{"name":"update","decl":{"start":{"line":24,"column":9},"end":{"line":24,"column":15}},"loc":{"start":{"line":26,"column":33},"end":{"line":46,"column":1}}},"5":{"name":"(anonymous_6)","decl":{"start":{"line":30,"column":10},"end":{"line":30,"column":16}},"loc":{"start":{"line":30,"column":19},"end":{"line":45,"column":5}}},"6":{"name":"deleteAuthor","decl":{"start":{"line":48,"column":9},"end":{"line":48,"column":21}},"loc":{"start":{"line":48,"column":38},"end":{"line":50,"column":1}}}},"branchMap":{"0":{"loc":{"start":{"line":11,"column":6},"end":{"line":13,"column":null}},"type":"if","locations":[{"start":{"line":11,"column":6},"end":{"line":13,"column":null}},{"start":{"line":11,"column":6},"end":{"line":13,"column":null}}]},"1":{"loc":{"start":{"line":31,"column":6},"end":{"line":33,"column":null}},"type":"if","locations":[{"start":{"line":31,"column":6},"end":{"line":33,"column":null}},{"start":{"line":31,"column":6},"end":{"line":33,"column":null}}]},"2":{"loc":{"start":{"line":35,"column":6},"end":{"line":37,"column":null}},"type":"if","locations":[{"start":{"line":35,"column":6},"end":{"line":37,"column":null}},{"start":{"line":35,"column":6},"end":{"line":37,"column":null}}]},"3":{"loc":{"start":{"line":38,"column":6},"end":{"line":40,"column":null}},"type":"if","locations":[{"start":{"line":38,"column":6},"end":{"line":40,"column":null}},{"start":{"line":38,"column":6},"end":{"line":40,"column":null}}]},"4":{"loc":{"start":{"line":41,"column":6},"end":{"line":43,"column":null}},"type":"if","locations":[{"start":{"line":41,"column":6},"end":{"line":43,"column":null}},{"start":{"line":41,"column":6},"end":{"line":43,"column":null}}]}},"s":{"0":2,"1":4,"2":3,"3":3,"4":2,"5":1,"6":0,"7":2,"8":2,"9":1,"10":1,"11":0,"12":1,"13":1,"14":1,"15":1,"16":1,"17":1,"18":2},"f":{"0":4,"1":3,"2":3,"3":0,"4":2,"5":2,"6":1},"b":{"0":[2,1],"1":[1,1],"2":[0,1],"3":[1,0],"4":[1,0]}}
,"/Users/macbook/Desktop/Workplace/fast-track-5-typescript-men-boilerplate/src/services/book.ts": {"path":"/Users/macbook/Desktop/Workplace/fast-track-5-typescript-men-boilerplate/src/services/book.ts","statementMap":{"0":{"start":{"line":1,"column":0},"end":{"line":1,"column":51}},"1":{"start":{"line":4,"column":2},"end":{"line":4,"column":null}},"2":{"start":{"line":8,"column":2},"end":{"line":15,"column":null}},"3":{"start":{"line":11,"column":6},"end":{"line":13,"column":null}},"4":{"start":{"line":12,"column":8},"end":{"line":12,"column":null}},"5":{"start":{"line":14,"column":6},"end":{"line":14,"column":null}},"6":{"start":{"line":19,"column":2},"end":{"line":21,"column":null}},"7":{"start":{"line":28,"column":2},"end":{"line":68,"column":null}},"8":{"start":{"line":31,"column":6},"end":{"line":33,"column":null}},"9":{"start":{"line":32,"column":8},"end":{"line":32,"column":null}},"10":{"start":{"line":35,"column":6},"end":{"line":37,"column":null}},"11":{"start":{"line":36,"column":8},"end":{"line":36,"column":null}},"12":{"start":{"line":38,"column":6},"end":{"line":40,"column":null}},"13":{"start":{"line":39,"column":8},"end":{"line":39,"column":null}},"14":{"start":{"line":41,"column":6},"end":{"line":43,"column":null}},"15":{"start":{"line":42,"column":8},"end":{"line":42,"column":null}},"16":{"start":{"line":44,"column":6},"end":{"line":46,"column":null}},"17":{"start":{"line":45,"column":8},"end":{"line":45,"column":null}},"18":{"start":{"line":47,"column":6},"end":{"line":49,"column":null}},"19":{"start":{"line":48,"column":8},"end":{"line":48,"column":null}},"20":{"start":{"line":50,"column":6},"end":{"line":52,"column":null}},"21":{"start":{"line":51,"column":8},"end":{"line":51,"column":null}},"22":{"start":{"line":53,"column":6},"end":{"line":55,"column":null}},"23":{"start":{"line":54,"column":8},"end":{"line":54,"column":null}},"24":{"start":{"line":56,"column":6},"end":{"line":58,"column":null}},"25":{"start":{"line":57,"column":8},"end":{"line":57,"column":null}},"26":{"start":{"line":59,"column":6},"end":{"line":61,"column":null}},"27":{"start":{"line":60,"column":8},"end":{"line":60,"column":null}},"28":{"start":{"line":62,"column":6},"end":{"line":64,"column":null}},"29":{"start":{"line":63,"column":8},"end":{"line":63,"column":null}},"30":{"start":{"line":67,"column":6},"end":{"line":67,"column":null}},"31":{"start":{"line":72,"column":2},"end":{"line":72,"column":null}},"32":{"start":{"line":75,"column":0},"end":{"line":81,"column":null}}},"fnMap":{"0":{"name":"create","decl":{"start":{"line":3,"column":9},"end":{"line":3,"column":15}},"loc":{"start":{"line":3,"column":34},"end":{"line":5,"column":1}}},"1":{"name":"findById","decl":{"start":{"line":7,"column":9},"end":{"line":7,"column":17}},"loc":{"start":{"line":7,"column":32},"end":{"line":16,"column":1}}},"2":{"name":"(anonymous_3)","decl":{"start":{"line":10,"column":10},"end":{"line":10,"column":14}},"loc":{"start":{"line":10,"column":16},"end":{"line":15,"column":5}}},"3":{"name":"findAll","decl":{"start":{"line":18,"column":9},"end":{"line":18,"column":16}},"loc":{"start":{"line":18,"column":16},"end":{"line":22,"column":1}}},"4":{"name":"update","decl":{"start":{"line":24,"column":9},"end":{"line":24,"column":15}},"loc":{"start":{"line":26,"column":31},"end":{"line":69,"column":1}}},"5":{"name":"(anonymous_6)","decl":{"start":{"line":30,"column":10},"end":{"line":30,"column":14}},"loc":{"start":{"line":30,"column":17},"end":{"line":68,"column":5}}},"6":{"name":"deleteBook","decl":{"start":{"line":71,"column":9},"end":{"line":71,"column":19}},"loc":{"start":{"line":71,"column":34},"end":{"line":73,"column":1}}}},"branchMap":{"0":{"loc":{"start":{"line":11,"column":6},"end":{"line":13,"column":null}},"type":"if","locations":[{"start":{"line":11,"column":6},"end":{"line":13,"column":null}},{"start":{"line":11,"column":6},"end":{"line":13,"column":null}}]},"1":{"loc":{"start":{"line":31,"column":6},"end":{"line":33,"column":null}},"type":"if","locations":[{"start":{"line":31,"column":6},"end":{"line":33,"column":null}},{"start":{"line":31,"column":6},"end":{"line":33,"column":null}}]},"2":{"loc":{"start":{"line":35,"column":6},"end":{"line":37,"column":null}},"type":"if","locations":[{"start":{"line":35,"column":6},"end":{"line":37,"column":null}},{"start":{"line":35,"column":6},"end":{"line":37,"column":null}}]},"3":{"loc":{"start":{"line":38,"column":6},"end":{"line":40,"column":null}},"type":"if","locations":[{"start":{"line":38,"column":6},"end":{"line":40,"column":null}},{"start":{"line":38,"column":6},"end":{"line":40,"column":null}}]},"4":{"loc":{"start":{"line":41,"column":6},"end":{"line":43,"column":null}},"type":"if","locations":[{"start":{"line":41,"column":6},"end":{"line":43,"column":null}},{"start":{"line":41,"column":6},"end":{"line":43,"column":null}}]},"5":{"loc":{"start":{"line":44,"column":6},"end":{"line":46,"column":null}},"type":"if","locations":[{"start":{"line":44,"column":6},"end":{"line":46,"column":null}},{"start":{"line":44,"column":6},"end":{"line":46,"column":null}}]},"6":{"loc":{"start":{"line":47,"column":6},"end":{"line":49,"column":null}},"type":"if","locations":[{"start":{"line":47,"column":6},"end":{"line":49,"column":null}},{"start":{"line":47,"column":6},"end":{"line":49,"column":null}}]},"7":{"loc":{"start":{"line":50,"column":6},"end":{"line":52,"column":null}},"type":"if","locations":[{"start":{"line":50,"column":6},"end":{"line":52,"column":null}},{"start":{"line":50,"column":6},"end":{"line":52,"column":null}}]},"8":{"loc":{"start":{"line":53,"column":6},"end":{"line":55,"column":null}},"type":"if","locations":[{"start":{"line":53,"column":6},"end":{"line":55,"column":null}},{"start":{"line":53,"column":6},"end":{"line":55,"column":null}}]},"9":{"loc":{"start":{"line":56,"column":6},"end":{"line":58,"column":null}},"type":"if","locations":[{"start":{"line":56,"column":6},"end":{"line":58,"column":null}},{"start":{"line":56,"column":6},"end":{"line":58,"column":null}}]},"10":{"loc":{"start":{"line":59,"column":6},"end":{"line":61,"column":null}},"type":"if","locations":[{"start":{"line":59,"column":6},"end":{"line":61,"column":null}},{"start":{"line":59,"column":6},"end":{"line":61,"column":null}}]},"11":{"loc":{"start":{"line":62,"column":6},"end":{"line":64,"column":null}},"type":"if","locations":[{"start":{"line":62,"column":6},"end":{"line":64,"column":null}},{"start":{"line":62,"column":6},"end":{"line":64,"column":null}}]}},"s":{"0":2,"1":4,"2":3,"3":3,"4":2,"5":1,"6":0,"7":2,"8":2,"9":1,"10":1,"11":0,"12":1,"13":1,"14":1,"15":1,"16":1,"17":0,"18":1,"19":0,"20":1,"21":0,"22":1,"23":0,"24":1,"25":0,"26":1,"27":0,"28":1,"29":0,"30":1,"31":1,"32":2},"f":{"0":4,"1":3,"2":3,"3":0,"4":2,"5":2,"6":1},"b":{"0":[2,1],"1":[1,1],"2":[0,1],"3":[1,0],"4":[1,0],"5":[0,1],"6":[0,1],"7":[0,1],"8":[0,1],"9":[0,1],"10":[0,1],"11":[0,1]}}
,"/Users/macbook/Desktop/Workplace/fast-track-5-typescript-men-boilerplate/src/services/movie.ts": {"path":"/Users/macbook/Desktop/Workplace/fast-track-5-typescript-men-boilerplate/src/services/movie.ts","statementMap":{"0":{"start":{"line":1,"column":0},"end":{"line":1,"column":54}},"1":{"start":{"line":4,"column":2},"end":{"line":4,"column":null}},"2":{"start":{"line":8,"column":2},"end":{"line":15,"column":null}},"3":{"start":{"line":11,"column":6},"end":{"line":13,"column":null}},"4":{"start":{"line":12,"column":8},"end":{"line":12,"column":null}},"5":{"start":{"line":14,"column":6},"end":{"line":14,"column":null}},"6":{"start":{"line":19,"column":2},"end":{"line":21,"column":12}},"7":{"start":{"line":28,"column":2},"end":{"line":47,"column":null}},"8":{"start":{"line":31,"column":6},"end":{"line":33,"column":null}},"9":{"start":{"line":32,"column":8},"end":{"line":32,"column":null}},"10":{"start":{"line":35,"column":6},"end":{"line":37,"column":null}},"11":{"start":{"line":36,"column":8},"end":{"line":36,"column":null}},"12":{"start":{"line":38,"column":6},"end":{"line":40,"column":null}},"13":{"start":{"line":39,"column":8},"end":{"line":39,"column":null}},"14":{"start":{"line":41,"column":6},"end":{"line":43,"column":null}},"15":{"start":{"line":42,"column":8},"end":{"line":42,"column":null}},"16":{"start":{"line":46,"column":6},"end":{"line":46,"column":null}},"17":{"start":{"line":51,"column":2},"end":{"line":51,"column":null}},"18":{"start":{"line":54,"column":0},"end":{"line":60,"column":null}}},"fnMap":{"0":{"name":"create","decl":{"start":{"line":3,"column":9},"end":{"line":3,"column":15}},"loc":{"start":{"line":3,"column":36},"end":{"line":5,"column":1}}},"1":{"name":"findById","decl":{"start":{"line":7,"column":9},"end":{"line":7,"column":17}},"loc":{"start":{"line":7,"column":33},"end":{"line":16,"column":1}}},"2":{"name":"(anonymous_3)","decl":{"start":{"line":10,"column":10},"end":{"line":10,"column":15}},"loc":{"start":{"line":10,"column":18},"end":{"line":15,"column":5}}},"3":{"name":"findAll","decl":{"start":{"line":18,"column":9},"end":{"line":18,"column":16}},"loc":{"start":{"line":18,"column":16},"end":{"line":22,"column":1}}},"4":{"name":"update","decl":{"start":{"line":24,"column":9},"end":{"line":24,"column":15}},"loc":{"start":{"line":26,"column":32},"end":{"line":48,"column":1}}},"5":{"name":"(anonymous_6)","decl":{"start":{"line":30,"column":10},"end":{"line":30,"column":15}},"loc":{"start":{"line":30,"column":18},"end":{"line":47,"column":5}}},"6":{"name":"deleteMovie","decl":{"start":{"line":50,"column":9},"end":{"line":50,"column":20}},"loc":{"start":{"line":50,"column":36},"end":{"line":52,"column":1}}}},"branchMap":{"0":{"loc":{"start":{"line":11,"column":6},"end":{"line":13,"column":null}},"type":"if","locations":[{"start":{"line":11,"column":6},"end":{"line":13,"column":null}},{"start":{"line":11,"column":6},"end":{"line":13,"column":null}}]},"1":{"loc":{"start":{"line":31,"column":6},"end":{"line":33,"column":null}},"type":"if","locations":[{"start":{"line":31,"column":6},"end":{"line":33,"column":null}},{"start":{"line":31,"column":6},"end":{"line":33,"column":null}}]},"2":{"loc":{"start":{"line":35,"column":6},"end":{"line":37,"column":null}},"type":"if","locations":[{"start":{"line":35,"column":6},"end":{"line":37,"column":null}},{"start":{"line":35,"column":6},"end":{"line":37,"column":null}}]},"3":{"loc":{"start":{"line":38,"column":6},"end":{"line":40,"column":null}},"type":"if","locations":[{"start":{"line":38,"column":6},"end":{"line":40,"column":null}},{"start":{"line":38,"column":6},"end":{"line":40,"column":null}}]},"4":{"loc":{"start":{"line":41,"column":6},"end":{"line":43,"column":null}},"type":"if","locations":[{"start":{"line":41,"column":6},"end":{"line":43,"column":null}},{"start":{"line":41,"column":6},"end":{"line":43,"column":null}}]}},"s":{"0":1,"1":4,"2":3,"3":3,"4":2,"5":1,"6":0,"7":2,"8":2,"9":1,"10":1,"11":1,"12":1,"13":1,"14":1,"15":0,"16":1,"17":1,"18":1},"f":{"0":4,"1":3,"2":3,"3":0,"4":2,"5":2,"6":1},"b":{"0":[2,1],"1":[1,1],"2":[1,0],"3":[1,0],"4":[0,1]}}
,"/Users/macbook/Desktop/Workplace/fast-track-5-typescript-men-boilerplate/src/services/user.ts": {"path":"/Users/macbook/Desktop/Workplace/fast-track-5-typescript-men-boilerplate/src/services/user.ts","statementMap":{"0":{"start":{"line":1,"column":0},"end":{"line":1,"column":51}},"1":{"start":{"line":4,"column":2},"end":{"line":4,"column":null}},"2":{"start":{"line":8,"column":2},"end":{"line":15,"column":null}},"3":{"start":{"line":11,"column":6},"end":{"line":13,"column":null}},"4":{"start":{"line":12,"column":8},"end":{"line":12,"column":null}},"5":{"start":{"line":14,"column":6},"end":{"line":14,"column":null}},"6":{"start":{"line":19,"column":2},"end":{"line":21,"column":null}},"7":{"start":{"line":28,"column":2},"end":{"line":48,"column":null}},"8":{"start":{"line":31,"column":6},"end":{"line":33,"column":null}},"9":{"start":{"line":32,"column":8},"end":{"line":32,"column":null}},"10":{"start":{"line":35,"column":6},"end":{"line":37,"column":null}},"11":{"start":{"line":36,"column":8},"end":{"line":36,"column":null}},"12":{"start":{"line":38,"column":6},"end":{"line":40,"column":null}},"13":{"start":{"line":39,"column":8},"end":{"line":39,"column":null}},"14":{"start":{"line":41,"column":6},"end":{"line":43,"column":null}},"15":{"start":{"line":42,"column":8},"end":{"line":42,"column":null}},"16":{"start":{"line":44,"column":6},"end":{"line":46,"column":null}},"17":{"start":{"line":45,"column":8},"end":{"line":45,"column":null}},"18":{"start":{"line":47,"column":6},"end":{"line":47,"column":null}},"19":{"start":{"line":52,"column":2},"end":{"line":52,"column":null}},"20":{"start":{"line":55,"column":0},"end":{"line":61,"column":null}}},"fnMap":{"0":{"name":"create","decl":{"start":{"line":3,"column":9},"end":{"line":3,"column":15}},"loc":{"start":{"line":3,"column":34},"end":{"line":5,"column":1}}},"1":{"name":"findById","decl":{"start":{"line":7,"column":9},"end":{"line":7,"column":17}},"loc":{"start":{"line":7,"column":32},"end":{"line":16,"column":1}}},"2":{"name":"(anonymous_3)","decl":{"start":{"line":10,"column":10},"end":{"line":10,"column":14}},"loc":{"start":{"line":10,"column":17},"end":{"line":15,"column":5}}},"3":{"name":"findAll","decl":{"start":{"line":18,"column":9},"end":{"line":18,"column":16}},"loc":{"start":{"line":18,"column":16},"end":{"line":22,"column":1}}},"4":{"name":"update","decl":{"start":{"line":24,"column":9},"end":{"line":24,"column":15}},"loc":{"start":{"line":26,"column":31},"end":{"line":49,"column":1}}},"5":{"name":"(anonymous_6)","decl":{"start":{"line":30,"column":10},"end":{"line":30,"column":14}},"loc":{"start":{"line":30,"column":17},"end":{"line":48,"column":5}}},"6":{"name":"deleteUser","decl":{"start":{"line":51,"column":9},"end":{"line":51,"column":19}},"loc":{"start":{"line":51,"column":34},"end":{"line":53,"column":1}}}},"branchMap":{"0":{"loc":{"start":{"line":11,"column":6},"end":{"line":13,"column":null}},"type":"if","locations":[{"start":{"line":11,"column":6},"end":{"line":13,"column":null}},{"start":{"line":11,"column":6},"end":{"line":13,"column":null}}]},"1":{"loc":{"start":{"line":31,"column":6},"end":{"line":33,"column":null}},"type":"if","locations":[{"start":{"line":31,"column":6},"end":{"line":33,"column":null}},{"start":{"line":31,"column":6},"end":{"line":33,"column":null}}]},"2":{"loc":{"start":{"line":35,"column":6},"end":{"line":37,"column":null}},"type":"if","locations":[{"start":{"line":35,"column":6},"end":{"line":37,"column":null}},{"start":{"line":35,"column":6},"end":{"line":37,"column":null}}]},"3":{"loc":{"start":{"line":38,"column":6},"end":{"line":40,"column":null}},"type":"if","locations":[{"start":{"line":38,"column":6},"end":{"line":40,"column":null}},{"start":{"line":38,"column":6},"end":{"line":40,"column":null}}]},"4":{"loc":{"start":{"line":41,"column":6},"end":{"line":43,"column":null}},"type":"if","locations":[{"start":{"line":41,"column":6},"end":{"line":43,"column":null}},{"start":{"line":41,"column":6},"end":{"line":43,"column":null}}]},"5":{"loc":{"start":{"line":44,"column":6},"end":{"line":46,"column":null}},"type":"if","locations":[{"start":{"line":44,"column":6},"end":{"line":46,"column":null}},{"start":{"line":44,"column":6},"end":{"line":46,"column":null}}]}},"s":{"0":2,"1":1,"2":2,"3":2,"4":1,"5":1,"6":0,"7":0,"8":0,"9":0,"10":0,"11":0,"12":0,"13":0,"14":0,"15":0,"16":0,"17":0,"18":0,"19":0,"20":2},"f":{"0":1,"1":2,"2":2,"3":0,"4":0,"5":0,"6":0},"b":{"0":[1,1],"1":[0,0],"2":[0,0],"3":[0,0],"4":[0,0],"5":[0,0]}}
,"/Users/macbook/Desktop/Workplace/fast-track-5-typescript-men-boilerplate/src/util/logger.ts": {"path":"/Users/macbook/Desktop/Workplace/fast-track-5-typescript-men-boilerplate/src/util/logger.ts","statementMap":{"0":{"start":{"line":1,"column":0},"end":{"line":1,"column":29}},"1":{"start":{"line":3,"column":39},"end":{"line":10,"column":null}},"2":{"start":{"line":12,"column":15},"end":{"line":12,"column":44}},"3":{"start":{"line":14,"column":0},"end":{"line":16,"column":null}},"4":{"start":{"line":15,"column":2},"end":{"line":15,"column":null}},"5":{"start":{"line":18,"column":0},"end":{"line":18,"column":null}}},"fnMap":{},"branchMap":{"0":{"loc":{"start":{"line":6,"column":53},"end":{"line":6,"column":60}},"type":"cond-expr","locations":[{"start":{"line":6,"column":53},"end":{"line":6,"column":60}},{"start":{"line":6,"column":63},"end":{"line":6,"column":70}}]},"1":{"loc":{"start":{"line":14,"column":0},"end":{"line":16,"column":null}},"type":"if","locations":[{"start":{"line":14,"column":0},"end":{"line":16,"column":null}},{"start":{"line":14,"column":0},"end":{"line":16,"column":null}}]}},"s":{"0":1,"1":1,"2":1,"3":1,"4":1,"5":1},"f":{},"b":{"0":[0,1],"1":[1,0]}}
,"/Users/macbook/Desktop/Workplace/fast-track-5-typescript-men-boilerplate/src/util/secrets.ts": {"path":"/Users/macbook/Desktop/Workplace/fast-track-5-typescript-men-boilerplate/src/util/secrets.ts","statementMap":{"0":{"start":{"line":1,"column":0},"end":{"line":1,"column":27}},"1":{"start":{"line":2,"column":0},"end":{"line":2,"column":19}},"2":{"start":{"line":4,"column":0},"end":{"line":4,"column":29}},"3":{"start":{"line":6,"column":0},"end":{"line":12,"column":null}},"4":{"start":{"line":7,"column":2},"end":{"line":7,"column":null}},"5":{"start":{"line":8,"column":2},"end":{"line":8,"column":null}},"6":{"start":{"line":10,"column":2},"end":{"line":10,"column":null}},"7":{"start":{"line":11,"column":2},"end":{"line":11,"column":42}},"8":{"start":{"line":13,"column":13},"end":{"line":13,"column":null}},"9":{"start":{"line":14,"column":13},"end":{"line":14,"column":41}},"10":{"start":{"line":16,"column":13},"end":{"line":16,"column":null}},"11":{"start":{"line":17,"column":13},"end":{"line":17,"column":null}},"12":{"start":{"line":18,"column":13},"end":{"line":20,"column":null}},"13":{"start":{"line":22,"column":0},"end":{"line":27,"column":null}},"14":{"start":{"line":23,"column":2},"end":{"line":25,"column":null}},"15":{"start":{"line":26,"column":2},"end":{"line":26,"column":null}},"16":{"start":{"line":29,"column":0},"end":{"line":40,"column":null}},"17":{"start":{"line":30,"column":2},"end":{"line":38,"column":null}},"18":{"start":{"line":31,"column":4},"end":{"line":33,"column":null}},"19":{"start":{"line":35,"column":4},"end":{"line":37,"column":null}},"20":{"start":{"line":39,"column":2},"end":{"line":39,"column":null}}},"fnMap":{},"branchMap":{"0":{"loc":{"start":{"line":6,"column":0},"end":{"line":12,"column":null}},"type":"if","locations":[{"start":{"line":6,"column":0},"end":{"line":12,"column":null}},{"start":{"line":6,"column":0},"end":{"line":12,"column":null}}]},"1":{"loc":{"start":{"line":19,"column":4},"end":{"line":19,"column":30}},"type":"cond-expr","locations":[{"start":{"line":19,"column":4},"end":{"line":19,"column":30}},{"start":{"line":20,"column":4},"end":{"line":20,"column":36}}]},"2":{"loc":{"start":{"line":22,"column":0},"end":{"line":27,"column":null}},"type":"if","locations":[{"start":{"line":22,"column":0},"end":{"line":27,"column":null}},{"start":{"line":22,"column":0},"end":{"line":27,"column":null}}]},"3":{"loc":{"start":{"line":22,"column":4},"end":{"line":22,"column":19}},"type":"binary-expr","locations":[{"start":{"line":22,"column":4},"end":{"line":22,"column":19}},{"start":{"line":22,"column":23},"end":{"line":22,"column":34}}]},"4":{"loc":{"start":{"line":29,"column":0},"end":{"line":40,"column":null}},"type":"if","locations":[{"start":{"line":29,"column":0},"end":{"line":40,"column":null}},{"start":{"line":29,"column":0},"end":{"line":40,"column":null}}]},"5":{"loc":{"start":{"line":30,"column":2},"end":{"line":38,"column":null}},"type":"if","locations":[{"start":{"line":30,"column":2},"end":{"line":38,"column":null}},{"start":{"line":30,"column":2},"end":{"line":38,"column":null}}]}},"s":{"0":1,"1":1,"2":1,"3":1,"4":1,"5":1,"6":0,"7":0,"8":1,"9":1,"10":1,"11":1,"12":1,"13":1,"14":0,"15":0,"16":1,"17":0,"18":0,"19":0,"20":0},"f":{},"b":{"0":[1,0],"1":[0,1],"2":[0,1],"3":[1,1],"4":[0,1],"5":[0,0]}}
,"/Users/macbook/Desktop/Workplace/fast-track-5-typescript-men-boilerplate/src/util/squareNumber.ts": {"path":"/Users/macbook/Desktop/Workplace/fast-track-5-typescript-men-boilerplate/src/util/squareNumber.ts","statementMap":{"0":{"start":{"line":2,"column":2},"end":{"line":2,"column":null}},"1":{"start":{"line":1,"column":0},"end":{"line":1,"column":24}}},"fnMap":{"0":{"name":"squareNumber","decl":{"start":{"line":1,"column":24},"end":{"line":1,"column":36}},"loc":{"start":{"line":1,"column":46},"end":{"line":3,"column":1}}}},"branchMap":{},"s":{"0":4,"1":1},"f":{"0":4},"b":{}}
,"/Users/macbook/Desktop/Workplace/fast-track-5-typescript-men-boilerplate/test/db-helper.ts": {"path":"/Users/macbook/Desktop/Workplace/fast-track-5-typescript-men-boilerplate/test/db-helper.ts","statementMap":{"0":{"start":{"line":1,"column":0},"end":{"line":1,"column":31}},"1":{"start":{"line":2,"column":0},"end":{"line":2,"column":57}},"2":{"start":{"line":4,"column":15},"end":{"line":4,"column":38}},"3":{"start":{"line":6,"column":13},"end":{"line":17,"column":null}},"4":{"start":{"line":6,"column":34},"end":{"line":17,"column":null}},"5":{"start":{"line":7,"column":14},"end":{"line":7,"column":48}},"6":{"start":{"line":9,"column":23},"end":{"line":14,"column":null}},"7":{"start":{"line":16,"column":2},"end":{"line":16,"column":null}},"8":{"start":{"line":19,"column":13},"end":{"line":23,"column":null}},"9":{"start":{"line":19,"column":40},"end":{"line":23,"column":null}},"10":{"start":{"line":20,"column":2},"end":{"line":20,"column":null}},"11":{"start":{"line":21,"column":2},"end":{"line":21,"column":null}},"12":{"start":{"line":22,"column":2},"end":{"line":22,"column":null}},"13":{"start":{"line":25,"column":13},"end":{"line":32,"column":null}},"14":{"start":{"line":25,"column":40},"end":{"line":32,"column":null}},"15":{"start":{"line":26,"column":22},"end":{"line":26,"column":53}},"16":{"start":{"line":28,"column":2},"end":{"line":31,"column":null}},"17":{"start":{"line":29,"column":23},"end":{"line":29,"column":39}},"18":{"start":{"line":30,"column":4},"end":{"line":30,"column":null}}},"fnMap":{"0":{"name":"(anonymous_8)","decl":{"start":{"line":6,"column":23},"end":{"line":6,"column":32}},"loc":{"start":{"line":6,"column":34},"end":{"line":17,"column":null}}},"1":{"name":"(anonymous_9)","decl":{"start":{"line":6,"column":34},"end":{"line":6,"column":null}},"loc":{"start":{"line":6,"column":34},"end":{"line":17,"column":1}}},"2":{"name":"(anonymous_10)","decl":{"start":{"line":19,"column":29},"end":{"line":19,"column":38}},"loc":{"start":{"line":19,"column":40},"end":{"line":23,"column":null}}},"3":{"name":"(anonymous_11)","decl":{"start":{"line":19,"column":40},"end":{"line":19,"column":null}},"loc":{"start":{"line":19,"column":40},"end":{"line":23,"column":1}}},"4":{"name":"(anonymous_12)","decl":{"start":{"line":25,"column":29},"end":{"line":25,"column":38}},"loc":{"start":{"line":25,"column":40},"end":{"line":32,"column":null}}},"5":{"name":"(anonymous_13)","decl":{"start":{"line":25,"column":40},"end":{"line":25,"column":null}},"loc":{"start":{"line":25,"column":40},"end":{"line":32,"column":1}}}},"branchMap":{},"s":{"0":4,"1":4,"2":4,"3":4,"4":20,"5":20,"6":20,"7":20,"8":4,"9":4,"10":4,"11":4,"12":4,"13":4,"14":20,"15":20,"16":20,"17":20,"18":20},"f":{"0":20,"1":20,"2":4,"3":4,"4":20,"5":20},"b":{}}
}
