TN:
SF:/Users/macbook/Desktop/Workplace/fast-track-5-typescript-men-boilerplate/src/app.ts
FN:33,(anonymous_1)
FN:37,(anonymous_2)
FNF:2
FNH:0
FNDA:0,(anonymous_1)
FNDA:0,(anonymous_2)
DA:1,1
DA:2,1
DA:4,1
DA:5,1
DA:9,1
DA:11,1
DA:13,1
DA:16,1
DA:17,1
DA:18,1
DA:20,1
DA:23,1
DA:24,1
DA:26,1
DA:27,1
DA:35,0
DA:38,0
DA:41,0
DA:45,1
DA:48,1
DA:49,1
DA:50,1
DA:51,1
DA:52,1
DA:57,1
DA:58,1
DA:59,1
DA:62,1
DA:64,1
LF:29
LH:26
BRDA:45,0,0,1
BRDA:45,0,1,0
BRF:2
BRH:1
end_of_record
TN:
SF:/Users/macbook/Desktop/Workplace/fast-track-5-typescript-men-boilerplate/src/controllers/author.ts
FN:12,(anonymous_8)
FN:16,(anonymous_9)
FN:34,(anonymous_10)
FN:38,(anonymous_11)
FN:51,(anonymous_12)
FN:55,(anonymous_13)
FN:65,(anonymous_14)
FN:69,(anonymous_15)
FN:79,(anonymous_16)
FN:83,(anonymous_17)
FNF:10
FNH:0
FNDA:0,(anonymous_8)
FNDA:0,(anonymous_9)
FNDA:0,(anonymous_10)
FNDA:0,(anonymous_11)
FNDA:0,(anonymous_12)
FNDA:0,(anonymous_13)
FNDA:0,(anonymous_14)
FNDA:0,(anonymous_15)
FNDA:0,(anonymous_16)
FNDA:0,(anonymous_17)
DA:3,1
DA:4,1
DA:5,1
DA:12,1
DA:16,0
DA:17,0
DA:18,0
DA:20,0
DA:26,0
DA:27,0
DA:29,0
DA:34,1
DA:38,0
DA:39,0
DA:40,0
DA:41,0
DA:42,0
DA:43,0
DA:45,0
DA:51,1
DA:55,0
DA:56,0
DA:57,0
DA:58,0
DA:60,0
DA:65,1
DA:69,0
DA:70,0
DA:71,0
DA:73,0
DA:79,1
DA:83,0
DA:84,0
DA:85,0
DA:87,0
LF:35
LH:8
BRF:0
BRH:0
end_of_record
TN:
SF:/Users/macbook/Desktop/Workplace/fast-track-5-typescript-men-boilerplate/src/controllers/book.ts
FN:12,(anonymous_8)
FN:16,(anonymous_9)
FN:45,(anonymous_10)
FN:49,(anonymous_11)
FN:62,(anonymous_12)
FN:66,(anonymous_13)
FN:76,(anonymous_14)
FN:80,(anonymous_15)
FN:90,(anonymous_16)
FN:94,(anonymous_17)
FNF:10
FNH:0
FNDA:0,(anonymous_8)
FNDA:0,(anonymous_9)
FNDA:0,(anonymous_10)
FNDA:0,(anonymous_11)
FNDA:0,(anonymous_12)
FNDA:0,(anonymous_13)
FNDA:0,(anonymous_14)
FNDA:0,(anonymous_15)
FNDA:0,(anonymous_16)
FNDA:0,(anonymous_17)
DA:3,1
DA:4,1
DA:5,1
DA:12,1
DA:16,0
DA:17,0
DA:18,0
DA:20,0
DA:33,0
DA:34,0
DA:36,0
DA:37,0
DA:39,0
DA:45,1
DA:49,0
DA:50,0
DA:51,0
DA:52,0
DA:53,0
DA:54,0
DA:56,0
DA:62,1
DA:66,0
DA:67,0
DA:68,0
DA:69,0
DA:71,0
DA:76,1
DA:80,0
DA:81,0
DA:82,0
DA:84,0
DA:90,1
DA:94,0
DA:95,0
DA:96,0
DA:98,0
LF:37
LH:8
BRDA:36,0,0,0
BRDA:36,0,1,0
BRF:2
BRH:0
end_of_record
TN:
SF:/Users/macbook/Desktop/Workplace/fast-track-5-typescript-men-boilerplate/src/controllers/user.ts
FN:38,(anonymous_8)
FN:38,(anonymous_9)
FN:86,(anonymous_10)
FN:99,(anonymous_11)
FN:99,(anonymous_12)
FN:136,(anonymous_13)
FN:152,(anonymous_14)
FN:156,(anonymous_15)
FN:169,(anonymous_16)
FN:173,(anonymous_17)
FN:183,(anonymous_18)
FN:187,(anonymous_19)
FN:197,(anonymous_20)
FN:201,(anonymous_21)
FNF:14
FNH:0
FNDA:0,(anonymous_8)
FNDA:0,(anonymous_9)
FNDA:0,(anonymous_10)
FNDA:0,(anonymous_11)
FNDA:0,(anonymous_12)
FNDA:0,(anonymous_13)
FNDA:0,(anonymous_14)
FNDA:0,(anonymous_15)
FNDA:0,(anonymous_16)
FNDA:0,(anonymous_17)
FNDA:0,(anonymous_18)
FNDA:0,(anonymous_19)
FNDA:0,(anonymous_20)
FNDA:0,(anonymous_21)
DA:2,1
DA:3,1
DA:4,1
DA:6,1
DA:7,1
DA:8,1
DA:38,1
DA:39,0
DA:40,0
DA:41,0
DA:51,0
DA:52,0
DA:53,0
DA:56,0
DA:57,0
DA:62,0
DA:69,0
DA:70,0
DA:72,0
DA:73,0
DA:75,0
DA:81,0
DA:87,0
DA:88,0
DA:94,0
DA:99,1
DA:100,0
DA:102,0
DA:103,0
DA:108,0
DA:109,0
DA:110,0
DA:113,0
DA:114,0
DA:118,0
DA:119,0
DA:120,0
DA:124,0
DA:130,0
DA:137,0
DA:138,0
DA:144,0
DA:145,0
DA:152,1
DA:156,0
DA:157,0
DA:158,0
DA:159,0
DA:160,0
DA:161,0
DA:163,0
DA:169,1
DA:173,0
DA:174,0
DA:175,0
DA:176,0
DA:178,0
DA:183,1
DA:187,0
DA:188,0
DA:189,0
DA:191,0
DA:197,1
DA:201,0
DA:202,0
DA:203,0
DA:205,0
LF:67
LH:12
BRDA:40,0,0,0
BRDA:40,0,1,0
BRDA:56,1,0,0
BRDA:56,1,1,0
BRDA:87,2,0,0
BRDA:87,2,1,0
BRDA:102,3,0,0
BRDA:102,3,1,0
BRDA:113,4,0,0
BRDA:113,4,1,0
BRDA:119,5,0,0
BRDA:119,5,1,0
BRDA:137,6,0,0
BRDA:137,6,1,0
BRF:14
BRH:0
end_of_record
TN:
SF:/Users/macbook/Desktop/Workplace/fast-track-5-typescript-men-boilerplate/src/helpers/apiError.ts
FN:2,(anonymous_0)
FN:12,(anonymous_1)
FN:18,(anonymous_2)
FN:24,(anonymous_3)
FN:33,(anonymous_4)
FN:42,(anonymous_5)
FNF:6
FNH:0
FNDA:0,(anonymous_0)
FNDA:0,(anonymous_1)
FNDA:0,(anonymous_2)
FNDA:0,(anonymous_3)
FNDA:0,(anonymous_4)
FNDA:0,(anonymous_5)
DA:1,1
DA:3,0
DA:4,0
DA:5,0
DA:7,0
DA:11,1
DA:12,0
DA:13,0
DA:17,1
DA:18,0
DA:19,0
DA:23,1
DA:25,0
DA:28,0
DA:32,1
DA:34,0
DA:37,0
DA:41,1
DA:42,0
DA:43,0
LF:20
LH:6
BRDA:12,0,0,0
BRDA:18,1,0,0
BRDA:25,2,0,0
BRDA:34,3,0,0
BRDA:42,4,0,0
BRF:5
BRH:0
end_of_record
TN:
SF:/Users/macbook/Desktop/Workplace/fast-track-5-typescript-men-boilerplate/src/middlewares/apiErrorHandler.ts
FN:6,default_1
FNF:1
FNH:0
FNDA:0,default_1
DA:4,1
DA:6,1
DA:12,0
DA:13,0
DA:16,0
LF:5
LH:2
BRDA:12,0,0,0
BRDA:12,0,1,0
BRF:2
BRH:0
end_of_record
TN:
SF:/Users/macbook/Desktop/Workplace/fast-track-5-typescript-men-boilerplate/src/models/Author.ts
FNF:0
FNH:0
DA:1,2
DA:9,2
DA:24,2
LF:3
LH:3
BRF:0
BRH:0
end_of_record
TN:
SF:/Users/macbook/Desktop/Workplace/fast-track-5-typescript-men-boilerplate/src/models/Book.ts
FNF:0
FNH:0
DA:1,2
DA:16,2
DA:56,2
LF:3
LH:3
BRF:0
BRH:0
end_of_record
TN:
SF:/Users/macbook/Desktop/Workplace/fast-track-5-typescript-men-boilerplate/src/models/Movie.ts
FNF:0
FNH:0
DA:1,1
DA:12,1
DA:35,1
LF:3
LH:3
BRF:0
BRH:0
end_of_record
TN:
SF:/Users/macbook/Desktop/Workplace/fast-track-5-typescript-men-boilerplate/src/models/User.ts
FNF:0
FNH:0
DA:1,2
DA:10,2
DA:33,2
LF:3
LH:3
BRF:0
BRH:0
end_of_record
TN:
SF:/Users/macbook/Desktop/Workplace/fast-track-5-typescript-men-boilerplate/src/routers/author.ts
FNF:0
FNH:0
DA:1,1
DA:3,1
DA:11,1
DA:14,1
DA:15,1
DA:16,1
DA:17,1
DA:18,1
DA:20,1
LF:9
LH:9
BRF:0
BRH:0
end_of_record
TN:
SF:/Users/macbook/Desktop/Workplace/fast-track-5-typescript-men-boilerplate/src/routers/book.ts
FNF:0
FNH:0
DA:1,1
DA:3,1
DA:11,1
DA:14,1
DA:15,1
DA:16,1
DA:17,1
DA:18,1
DA:20,1
LF:9
LH:9
BRF:0
BRH:0
end_of_record
TN:
SF:/Users/macbook/Desktop/Workplace/fast-track-5-typescript-men-boilerplate/src/routers/user.ts
FNF:0
FNH:0
DA:1,1
DA:2,1
DA:7,1
DA:16,1
DA:19,1
DA:20,1
DA:21,1
DA:23,1
DA:37,1
DA:62,1
LF:10
LH:10
BRF:0
BRH:0
end_of_record
TN:
SF:/Users/macbook/Desktop/Workplace/fast-track-5-typescript-men-boilerplate/src/services/author.ts
FN:3,create
FN:7,findById
FN:10,(anonymous_3)
FN:18,findAll
FN:24,update
FN:30,(anonymous_6)
FN:48,deleteAuthor
FNF:7
FNH:6
FNDA:4,create
FNDA:3,findById
FNDA:3,(anonymous_3)
FNDA:0,findAll
FNDA:2,update
FNDA:2,(anonymous_6)
FNDA:1,deleteAuthor
DA:1,2
DA:4,4
DA:8,3
DA:11,3
DA:12,2
DA:14,1
DA:19,0
DA:28,2
DA:31,2
DA:32,1
DA:35,1
DA:36,0
DA:38,1
DA:39,1
DA:41,1
DA:42,1
DA:44,1
DA:49,1
DA:52,2
LF:19
LH:17
BRDA:11,0,0,2
BRDA:11,0,1,1
BRDA:31,1,0,1
BRDA:31,1,1,1
BRDA:35,2,0,0
BRDA:35,2,1,1
BRDA:38,3,0,1
BRDA:38,3,1,0
BRDA:41,4,0,1
BRDA:41,4,1,0
BRF:10
BRH:7
end_of_record
TN:
SF:/Users/macbook/Desktop/Workplace/fast-track-5-typescript-men-boilerplate/src/services/book.ts
FN:3,create
FN:7,findById
FN:10,(anonymous_3)
FN:18,findAll
FN:24,update
FN:30,(anonymous_6)
FN:71,deleteBook
FNF:7
FNH:6
FNDA:4,create
FNDA:3,findById
FNDA:3,(anonymous_3)
FNDA:0,findAll
FNDA:2,update
FNDA:2,(anonymous_6)
FNDA:1,deleteBook
DA:1,2
DA:4,4
DA:8,3
DA:11,3
DA:12,2
DA:14,1
DA:19,0
DA:28,2
DA:31,2
DA:32,1
DA:35,1
DA:36,0
DA:38,1
DA:39,1
DA:41,1
DA:42,1
DA:44,1
DA:45,0
DA:47,1
DA:48,0
DA:50,1
DA:51,0
DA:53,1
DA:54,0
DA:56,1
DA:57,0
DA:59,1
DA:60,0
DA:62,1
DA:63,0
DA:67,1
DA:72,1
DA:75,2
LF:33
LH:24
BRDA:11,0,0,2
BRDA:11,0,1,1
BRDA:31,1,0,1
BRDA:31,1,1,1
BRDA:35,2,0,0
BRDA:35,2,1,1
BRDA:38,3,0,1
BRDA:38,3,1,0
BRDA:41,4,0,1
BRDA:41,4,1,0
BRDA:44,5,0,0
BRDA:44,5,1,1
BRDA:47,6,0,0
BRDA:47,6,1,1
BRDA:50,7,0,0
BRDA:50,7,1,1
BRDA:53,8,0,0
BRDA:53,8,1,1
BRDA:56,9,0,0
BRDA:56,9,1,1
BRDA:59,10,0,0
BRDA:59,10,1,1
BRDA:62,11,0,0
BRDA:62,11,1,1
BRF:24
BRH:14
end_of_record
TN:
SF:/Users/macbook/Desktop/Workplace/fast-track-5-typescript-men-boilerplate/src/services/movie.ts
FN:3,create
FN:7,findById
FN:10,(anonymous_3)
FN:18,findAll
FN:24,update
FN:30,(anonymous_6)
FN:50,deleteMovie
FNF:7
FNH:6
FNDA:4,create
FNDA:3,findById
FNDA:3,(anonymous_3)
FNDA:0,findAll
FNDA:2,update
FNDA:2,(anonymous_6)
FNDA:1,deleteMovie
DA:1,1
DA:4,4
DA:8,3
DA:11,3
DA:12,2
DA:14,1
DA:19,0
DA:28,2
DA:31,2
DA:32,1
DA:35,1
DA:36,1
DA:38,1
DA:39,1
DA:41,1
DA:42,0
DA:46,1
DA:51,1
DA:54,1
LF:19
LH:17
BRDA:11,0,0,2
BRDA:11,0,1,1
BRDA:31,1,0,1
BRDA:31,1,1,1
BRDA:35,2,0,1
BRDA:35,2,1,0
BRDA:38,3,0,1
BRDA:38,3,1,0
BRDA:41,4,0,0
BRDA:41,4,1,1
BRF:10
BRH:7
end_of_record
TN:
SF:/Users/macbook/Desktop/Workplace/fast-track-5-typescript-men-boilerplate/src/services/user.ts
FN:3,create
FN:7,findById
FN:10,(anonymous_3)
FN:18,findAll
FN:24,update
FN:30,(anonymous_6)
FN:51,deleteUser
FNF:7
FNH:3
FNDA:1,create
FNDA:2,findById
FNDA:2,(anonymous_3)
FNDA:0,findAll
FNDA:0,update
FNDA:0,(anonymous_6)
FNDA:0,deleteUser
DA:1,2
DA:4,1
DA:8,2
DA:11,2
DA:12,1
DA:14,1
DA:19,0
DA:28,0
DA:31,0
DA:32,0
DA:35,0
DA:36,0
DA:38,0
DA:39,0
DA:41,0
DA:42,0
DA:44,0
DA:45,0
DA:47,0
DA:52,0
DA:55,2
LF:21
LH:7
BRDA:11,0,0,1
BRDA:11,0,1,1
BRDA:31,1,0,0
BRDA:31,1,1,0
BRDA:35,2,0,0
BRDA:35,2,1,0
BRDA:38,3,0,0
BRDA:38,3,1,0
BRDA:41,4,0,0
BRDA:41,4,1,0
BRDA:44,5,0,0
BRDA:44,5,1,0
BRF:12
BRH:2
end_of_record
TN:
SF:/Users/macbook/Desktop/Workplace/fast-track-5-typescript-men-boilerplate/src/util/logger.ts
FNF:0
FNH:0
DA:1,1
DA:3,1
DA:12,1
DA:14,1
DA:15,1
DA:18,1
LF:6
LH:6
BRDA:6,0,0,0
BRDA:6,0,1,1
BRDA:14,1,0,1
BRDA:14,1,1,0
BRF:4
BRH:2
end_of_record
TN:
SF:/Users/macbook/Desktop/Workplace/fast-track-5-typescript-men-boilerplate/src/util/secrets.ts
FNF:0
FNH:0
DA:1,1
DA:2,1
DA:4,1
DA:6,1
DA:7,1
DA:8,1
DA:10,0
DA:11,0
DA:13,1
DA:14,1
DA:16,1
DA:17,1
DA:18,1
DA:22,1
DA:23,0
DA:26,0
DA:29,1
DA:30,0
DA:31,0
DA:35,0
DA:39,0
LF:21
LH:13
BRDA:6,0,0,1
BRDA:6,0,1,0
BRDA:19,1,0,0
BRDA:19,1,1,1
BRDA:22,2,0,0
BRDA:22,2,1,1
BRDA:22,3,0,1
BRDA:22,3,1,1
BRDA:29,4,0,0
BRDA:29,4,1,1
BRDA:30,5,0,0
BRDA:30,5,1,0
BRF:12
BRH:6
end_of_record
TN:
SF:/Users/macbook/Desktop/Workplace/fast-track-5-typescript-men-boilerplate/src/util/squareNumber.ts
FN:1,squareNumber
FNF:1
FNH:1
FNDA:4,squareNumber
DA:1,1
DA:2,4
LF:2
LH:2
BRF:0
BRH:0
end_of_record
TN:
SF:/Users/macbook/Desktop/Workplace/fast-track-5-typescript-men-boilerplate/test/db-helper.ts
FN:6,(anonymous_8)
FN:6,(anonymous_9)
FN:19,(anonymous_10)
FN:19,(anonymous_11)
FN:25,(anonymous_12)
FN:25,(anonymous_13)
FNF:6
FNH:6
FNDA:20,(anonymous_8)
FNDA:20,(anonymous_9)
FNDA:4,(anonymous_10)
FNDA:4,(anonymous_11)
FNDA:20,(anonymous_12)
FNDA:20,(anonymous_13)
DA:1,4
DA:2,4
DA:4,4
DA:6,20
DA:7,20
DA:9,20
DA:16,20
DA:19,4
DA:20,4
DA:21,4
DA:22,4
DA:25,20
DA:26,20
DA:28,20
DA:29,20
DA:30,20
LF:16
LH:16
BRF:0
BRH:0
end_of_record
